  [1m[35m (4.2ms)[0m  [1m[35mCREATE TABLE "schema_migrations" ("version" character varying NOT NULL PRIMARY KEY)[0m
  [1m[35m (20.4ms)[0m  [1m[35mCREATE TABLE "ar_internal_metadata" ("key" character varying NOT NULL PRIMARY KEY, "value" character varying, "created_at" timestamp NOT NULL, "updated_at" timestamp NOT NULL)[0m
  [1m[35m (0.2ms)[0m  [1m[34mSELECT pg_try_advisory_lock(2294373376959684510)[0m
  [1m[35m (0.7ms)[0m  [1m[34mSELECT "schema_migrations"."version" FROM "schema_migrations" ORDER BY "schema_migrations"."version" ASC[0m
Migrating to CreateNotices (20170905153557)
  [1m[35m (0.2ms)[0m  [1m[35mBEGIN[0m
  [1m[35m (14.6ms)[0m  [1m[35mCREATE TABLE "notices" ("id" bigserial primary key, "title" character varying, "author" character varying, "content" character varying, "created_at" timestamp NOT NULL, "updated_at" timestamp NOT NULL)[0m
  [1m[35mSQL (0.5ms)[0m  [1m[32mINSERT INTO "schema_migrations" ("version") VALUES ($1) RETURNING "version"[0m  [["version", "20170905153557"]]
  [1m[35m (6.0ms)[0m  [1m[35mCOMMIT[0m
  [1m[36mActiveRecord::InternalMetadata Load (0.5ms)[0m  [1m[34mSELECT  "ar_internal_metadata".* FROM "ar_internal_metadata" WHERE "ar_internal_metadata"."key" = $1 LIMIT $2[0m  [["key", "environment"], ["LIMIT", 1]]
  [1m[35m (0.2ms)[0m  [1m[35mBEGIN[0m
  [1m[35mSQL (0.3ms)[0m  [1m[32mINSERT INTO "ar_internal_metadata" ("key", "value", "created_at", "updated_at") VALUES ($1, $2, $3, $4) RETURNING "key"[0m  [["key", "environment"], ["value", "development"], ["created_at", "2017-09-05 15:43:23.650447"], ["updated_at", "2017-09-05 15:43:23.650447"]]
  [1m[35m (0.4ms)[0m  [1m[35mCOMMIT[0m
  [1m[35m (0.2ms)[0m  [1m[34mSELECT pg_advisory_unlock(2294373376959684510)[0m
  [1m[35m (0.3ms)[0m  [1m[34mSELECT "schema_migrations"."version" FROM "schema_migrations" ORDER BY "schema_migrations"."version" ASC[0m
  [1m[35m (0.8ms)[0m  [1m[34mSELECT "schema_migrations"."version" FROM "schema_migrations" ORDER BY "schema_migrations"."version" ASC[0m
  [1m[35m (0.2ms)[0m  [1m[35mBEGIN[0m
  [1m[35mSQL (0.8ms)[0m  [1m[32mINSERT INTO "notices" ("title", "author", "content", "created_at", "updated_at") VALUES ($1, $2, $3, $4, $5) RETURNING "id"[0m  [["title", "Pie. Whoever invented the pie? Here was a great person."], ["author", "Bail Organa"], ["content", "Placeat eligendi voluptatum quaerat quidem suscipit veniam voluptate. Nemo inventore sit. Minus et fuga quisquam et quidem. Id dolores distinctio."], ["created_at", "2017-09-05 15:50:09.376107"], ["updated_at", "2017-09-05 15:50:09.376107"]]
  [1m[35m (5.0ms)[0m  [1m[35mCOMMIT[0m
  [1m[35m (0.1ms)[0m  [1m[35mBEGIN[0m
  [1m[35mSQL (0.3ms)[0m  [1m[32mINSERT INTO "notices" ("title", "author", "content", "created_at", "updated_at") VALUES ($1, $2, $3, $4, $5) RETURNING "id"[0m  [["title", "COOPER, YOU REMIND ME TODAY OF A SMALL MEXICAN CHIHUAHUA."], ["author", "Boba Fett"], ["content", "Vel consectetur voluptas iste et quo. Non eligendi maiores nostrum omnis occaecati accusantium. Eum temporibus odio sed. Est et laboriosam et temporibus dolor odio sed. Ut iste beatae consequatur unde."], ["created_at", "2017-09-05 15:50:09.384095"], ["updated_at", "2017-09-05 15:50:09.384095"]]
  [1m[35m (0.3ms)[0m  [1m[35mCOMMIT[0m
  [1m[35m (0.1ms)[0m  [1m[35mBEGIN[0m
  [1m[35mSQL (0.3ms)[0m  [1m[32mINSERT INTO "notices" ("title", "author", "content", "created_at", "updated_at") VALUES ($1, $2, $3, $4, $5) RETURNING "id"[0m  [["title", "She's dead... Wrapped in plastic."], ["author", "Wedge Antilles"], ["content", "Ut ab minima nobis reprehenderit quam repellat facere. Aut mollitia quibusdam harum hic enim. Incidunt aut vel fugiat."], ["created_at", "2017-09-05 15:50:09.386311"], ["updated_at", "2017-09-05 15:50:09.386311"]]
  [1m[35m (0.3ms)[0m  [1m[35mCOMMIT[0m
  [1m[35m (0.1ms)[0m  [1m[35mBEGIN[0m
  [1m[35mSQL (0.3ms)[0m  [1m[32mINSERT INTO "notices" ("title", "author", "content", "created_at", "updated_at") VALUES ($1, $2, $3, $4, $5) RETURNING "id"[0m  [["title", "Where we're from, the birds sing a pretty song, and there's always music in the air."], ["author", "Boba Fett"], ["content", "Vero qui unde et quos qui. Et eligendi autem. Optio tempore quod assumenda quaerat neque eveniet."], ["created_at", "2017-09-05 15:50:09.388324"], ["updated_at", "2017-09-05 15:50:09.388324"]]
  [1m[35m (0.3ms)[0m  [1m[35mCOMMIT[0m
  [1m[35m (0.1ms)[0m  [1m[35mBEGIN[0m
  [1m[35mSQL (0.3ms)[0m  [1m[32mINSERT INTO "notices" ("title", "author", "content", "created_at", "updated_at") VALUES ($1, $2, $3, $4, $5) RETURNING "id"[0m  [["title", "Where we're from, the birds sing a pretty song, and there's always music in the air."], ["author", "Qui-Gon Jinn"], ["content", "Incidunt non dolorum. Dolore omnis iste eaque consequuntur omnis. Aut dolores suscipit."], ["created_at", "2017-09-05 15:50:09.390320"], ["updated_at", "2017-09-05 15:50:09.390320"]]
  [1m[35m (0.3ms)[0m  [1m[35mCOMMIT[0m
  [1m[35m (0.1ms)[0m  [1m[35mBEGIN[0m
  [1m[35mSQL (0.3ms)[0m  [1m[32mINSERT INTO "notices" ("title", "author", "content", "created_at", "updated_at") VALUES ($1, $2, $3, $4, $5) RETURNING "id"[0m  [["title", "I have no idea where this will lead us. But I have a definite feeling it will be a place both wonderful and strange."], ["author", "Wedge Antilles"], ["content", "Ut perferendis facilis. Tenetur non tempore soluta reiciendis. Libero cupiditate facilis laboriosam rerum ad neque. Maxime quam voluptas nisi distinctio dolorum."], ["created_at", "2017-09-05 15:50:09.392275"], ["updated_at", "2017-09-05 15:50:09.392275"]]
  [1m[35m (0.3ms)[0m  [1m[35mCOMMIT[0m
  [1m[35m (0.2ms)[0m  [1m[35mBEGIN[0m
  [1m[35mSQL (0.3ms)[0m  [1m[32mINSERT INTO "notices" ("title", "author", "content", "created_at", "updated_at") VALUES ($1, $2, $3, $4, $5) RETURNING "id"[0m  [["title", "Harry, is that bag smiling?"], ["author", "Lando Calrissian"], ["content", "At quia consequuntur. Vel harum est veniam non aut voluptatem. Exercitationem omnis quas quo velit. Excepturi animi enim sit. Id quo consequatur sint odio omnis voluptatem."], ["created_at", "2017-09-05 15:50:09.395103"], ["updated_at", "2017-09-05 15:50:09.395103"]]
  [1m[35m (0.3ms)[0m  [1m[35mCOMMIT[0m
  [1m[35m (0.1ms)[0m  [1m[35mBEGIN[0m
  [1m[35mSQL (0.2ms)[0m  [1m[32mINSERT INTO "notices" ("title", "author", "content", "created_at", "updated_at") VALUES ($1, $2, $3, $4, $5) RETURNING "id"[0m  [["title", "I don't wanna talk. I wanna shoot."], ["author", "Nute Gunray"], ["content", "Magni quia iusto aspernatur laborum qui necessitatibus. Placeat atque consectetur. Sunt enim optio quibusdam ea quia."], ["created_at", "2017-09-05 15:50:09.397165"], ["updated_at", "2017-09-05 15:50:09.397165"]]
  [1m[35m (0.2ms)[0m  [1m[35mCOMMIT[0m
  [1m[35m (0.1ms)[0m  [1m[35mBEGIN[0m
  [1m[35mSQL (0.2ms)[0m  [1m[32mINSERT INTO "notices" ("title", "author", "content", "created_at", "updated_at") VALUES ($1, $2, $3, $4, $5) RETURNING "id"[0m  [["title", "MAY A SMILE BE YOUR UMBRELLA. WE'VE ALL HAD OUR SOCKS TOSSED AROUND."], ["author", "Watto"], ["content", "Et voluptatem voluptates repellat eos. Qui quod explicabo dolores et facilis tenetur. Doloremque explicabo occaecati deserunt. Nemo eum et quisquam provident rerum. Omnis aut voluptatem."], ["created_at", "2017-09-05 15:50:09.399155"], ["updated_at", "2017-09-05 15:50:09.399155"]]
  [1m[35m (0.3ms)[0m  [1m[35mCOMMIT[0m
  [1m[35m (0.2ms)[0m  [1m[35mBEGIN[0m
  [1m[35mSQL (0.3ms)[0m  [1m[32mINSERT INTO "notices" ("title", "author", "content", "created_at", "updated_at") VALUES ($1, $2, $3, $4, $5) RETURNING "id"[0m  [["title", "Pie. Whoever invented the pie? Here was a great person."], ["author", "Mace Windu"], ["content", "Voluptatem et et id ducimus atque et. Dolor laudantium non dicta quidem est quasi. Neque est nihil sit assumenda impedit aut. Incidunt aperiam culpa soluta ab et repellendus nulla. Omnis quia officiis id omnis alias delectus ut."], ["created_at", "2017-09-05 15:50:09.401429"], ["updated_at", "2017-09-05 15:50:09.401429"]]
  [1m[35m (0.3ms)[0m  [1m[35mCOMMIT[0m
  [1m[35m (0.1ms)[0m  [1m[35mBEGIN[0m
  [1m[35mSQL (0.3ms)[0m  [1m[32mINSERT INTO "notices" ("title", "author", "content", "created_at", "updated_at") VALUES ($1, $2, $3, $4, $5) RETURNING "id"[0m  [["title", "J'ai une âme solitaire."], ["author", "Yoda"], ["content", "Qui corrupti impedit est ut alias debitis. At autem dolorem quae. Aut officiis minima non. Corporis autem dolorem harum quae. Perferendis cumque voluptatem deserunt praesentium suscipit ut aliquam."], ["created_at", "2017-09-05 15:50:09.403450"], ["updated_at", "2017-09-05 15:50:09.403450"]]
  [1m[35m (0.2ms)[0m  [1m[35mCOMMIT[0m
  [1m[35m (0.1ms)[0m  [1m[35mBEGIN[0m
  [1m[35mSQL (0.3ms)[0m  [1m[32mINSERT INTO "notices" ("title", "author", "content", "created_at", "updated_at") VALUES ($1, $2, $3, $4, $5) RETURNING "id"[0m  [["title", "I don't wanna talk. I wanna shoot."], ["author", "Padme Amidala"], ["content", "Recusandae aut ea autem magni. Maxime velit sunt doloremque voluptas qui voluptates. Nihil ullam saepe et fugit."], ["created_at", "2017-09-05 15:50:09.405001"], ["updated_at", "2017-09-05 15:50:09.405001"]]
  [1m[35m (0.2ms)[0m  [1m[35mCOMMIT[0m
  [1m[35m (0.1ms)[0m  [1m[35mBEGIN[0m
  [1m[35mSQL (0.2ms)[0m  [1m[32mINSERT INTO "notices" ("title", "author", "content", "created_at", "updated_at") VALUES ($1, $2, $3, $4, $5) RETURNING "id"[0m  [["title", "I have no idea where this will lead us. But I have a definite feeling it will be a place both wonderful and strange."], ["author", "Sheev Palpatine"], ["content", "Odio eos sint est. Sunt qui voluptas ut nam. Perferendis aliquam nemo ullam quod qui in aut. Magni tempore et enim molestiae aspernatur mollitia nulla. Fugiat a voluptatem reiciendis."], ["created_at", "2017-09-05 15:50:09.406427"], ["updated_at", "2017-09-05 15:50:09.406427"]]
  [1m[35m (0.2ms)[0m  [1m[35mCOMMIT[0m
  [1m[35m (0.1ms)[0m  [1m[35mBEGIN[0m
  [1m[35mSQL (0.3ms)[0m  [1m[32mINSERT INTO "notices" ("title", "author", "content", "created_at", "updated_at") VALUES ($1, $2, $3, $4, $5) RETURNING "id"[0m  [["title", "Pie. Whoever invented the pie? Here was a great person."], ["author", "Wedge Antilles"], ["content", "Aut ab facilis a. Incidunt dolorem eos quia atque quia iure. Delectus illum adipisci quia architecto et vel recusandae. Voluptatibus possimus accusamus et. Qui velit non enim sunt nam."], ["created_at", "2017-09-05 15:50:09.407749"], ["updated_at", "2017-09-05 15:50:09.407749"]]
  [1m[35m (0.3ms)[0m  [1m[35mCOMMIT[0m
  [1m[35m (0.1ms)[0m  [1m[35mBEGIN[0m
  [1m[35mSQL (0.3ms)[0m  [1m[32mINSERT INTO "notices" ("title", "author", "content", "created_at", "updated_at") VALUES ($1, $2, $3, $4, $5) RETURNING "id"[0m  [["title", "J'ai une âme solitaire."], ["author", "Jabba the Hutt"], ["content", "Pariatur nostrum dicta reprehenderit mollitia. Occaecati nobis sunt repellat est et. Veritatis reprehenderit quos dolores dolor. Animi necessitatibus cum aperiam."], ["created_at", "2017-09-05 15:50:09.409589"], ["updated_at", "2017-09-05 15:50:09.409589"]]
  [1m[35m (0.2ms)[0m  [1m[35mCOMMIT[0m
  [1m[35m (0.1ms)[0m  [1m[35mBEGIN[0m
  [1m[35mSQL (0.2ms)[0m  [1m[32mINSERT INTO "notices" ("title", "author", "content", "created_at", "updated_at") VALUES ($1, $2, $3, $4, $5) RETURNING "id"[0m  [["title", "MAY A SMILE BE YOUR UMBRELLA. WE'VE ALL HAD OUR SOCKS TOSSED AROUND."], ["author", "Kylo Ren"], ["content", "Voluptatem quisquam ut distinctio totam. Itaque non rerum deleniti est atque. Autem aut qui nesciunt."], ["created_at", "2017-09-05 15:50:09.411189"], ["updated_at", "2017-09-05 15:50:09.411189"]]
  [1m[35m (0.3ms)[0m  [1m[35mCOMMIT[0m
  [1m[35m (0.1ms)[0m  [1m[35mBEGIN[0m
  [1m[35mSQL (0.2ms)[0m  [1m[32mINSERT INTO "notices" ("title", "author", "content", "created_at", "updated_at") VALUES ($1, $2, $3, $4, $5) RETURNING "id"[0m  [["title", "J'ai une âme solitaire."], ["author", "Darth Vader"], ["content", "Et iusto sint nemo. Cum velit ut. Minus beatae doloremque consequatur impedit. Temporibus enim voluptas sint harum."], ["created_at", "2017-09-05 15:50:09.412667"], ["updated_at", "2017-09-05 15:50:09.412667"]]
  [1m[35m (0.4ms)[0m  [1m[35mCOMMIT[0m
  [1m[35m (0.1ms)[0m  [1m[35mBEGIN[0m
  [1m[35mSQL (0.2ms)[0m  [1m[32mINSERT INTO "notices" ("title", "author", "content", "created_at", "updated_at") VALUES ($1, $2, $3, $4, $5) RETURNING "id"[0m  [["title", "I don't wanna talk. I wanna shoot."], ["author", "Darth Caedus"], ["content", "Possimus totam aliquam et sed iste nesciunt. Ut est ad sunt. Sed voluptatibus est voluptas occaecati reprehenderit."], ["created_at", "2017-09-05 15:50:09.414398"], ["updated_at", "2017-09-05 15:50:09.414398"]]
  [1m[35m (0.2ms)[0m  [1m[35mCOMMIT[0m
  [1m[35m (0.1ms)[0m  [1m[35mBEGIN[0m
  [1m[35mSQL (0.4ms)[0m  [1m[32mINSERT INTO "notices" ("title", "author", "content", "created_at", "updated_at") VALUES ($1, $2, $3, $4, $5) RETURNING "id"[0m  [["title", "Wow, Bob, wow."], ["author", "Sheev Palpatine"], ["content", "Voluptate ex laborum ipsum est molestias. Voluptas ut dolor accusantium consequatur esse. Hic qui voluptatem unde facere ab esse magni."], ["created_at", "2017-09-05 15:50:09.416061"], ["updated_at", "2017-09-05 15:50:09.416061"]]
  [1m[35m (0.3ms)[0m  [1m[35mCOMMIT[0m
  [1m[35m (0.1ms)[0m  [1m[35mBEGIN[0m
  [1m[35mSQL (0.3ms)[0m  [1m[32mINSERT INTO "notices" ("title", "author", "content", "created_at", "updated_at") VALUES ($1, $2, $3, $4, $5) RETURNING "id"[0m  [["title", "Every day, once a day, give yourself a present."], ["author", "Kylo Ren"], ["content", "Nemo molestiae optio eveniet quia. Autem labore perferendis officia doloremque. Nam dolor id in ut ducimus. Fugiat porro fuga doloremque aut eveniet."], ["created_at", "2017-09-05 15:50:09.418050"], ["updated_at", "2017-09-05 15:50:09.418050"]]
  [1m[35m (0.2ms)[0m  [1m[35mCOMMIT[0m
  [1m[35m (0.1ms)[0m  [1m[35mBEGIN[0m
  [1m[35mSQL (0.2ms)[0m  [1m[32mINSERT INTO "notices" ("title", "author", "content", "created_at", "updated_at") VALUES ($1, $2, $3, $4, $5) RETURNING "id"[0m  [["title", "It has been a pleasure speaking to you."], ["author", "Panaka"], ["content", "Cumque consequatur officia accusamus. Itaque dignissimos eum est. Consequatur sed excepturi soluta alias consectetur."], ["created_at", "2017-09-05 15:50:09.419533"], ["updated_at", "2017-09-05 15:50:09.419533"]]
  [1m[35m (0.3ms)[0m  [1m[35mCOMMIT[0m
  [1m[35m (0.1ms)[0m  [1m[35mBEGIN[0m
  [1m[35mSQL (0.2ms)[0m  [1m[32mINSERT INTO "notices" ("title", "author", "content", "created_at", "updated_at") VALUES ($1, $2, $3, $4, $5) RETURNING "id"[0m  [["title", "Audrey, there are many cures for a broken heart. But nothing quite like a trout's leap in the moonlight."], ["author", "Padme Amidala"], ["content", "Quia magni excepturi ex quisquam ut. Omnis fuga perferendis soluta voluptatem. Error assumenda rerum eligendi laboriosam totam accusamus aut."], ["created_at", "2017-09-05 15:50:09.421072"], ["updated_at", "2017-09-05 15:50:09.421072"]]
  [1m[35m (0.2ms)[0m  [1m[35mCOMMIT[0m
  [1m[35m (0.1ms)[0m  [1m[35mBEGIN[0m
  [1m[35mSQL (0.2ms)[0m  [1m[32mINSERT INTO "notices" ("title", "author", "content", "created_at", "updated_at") VALUES ($1, $2, $3, $4, $5) RETURNING "id"[0m  [["title", "Every day, once a day, give yourself a present."], ["author", "Padme Amidala"], ["content", "Deserunt quam occaecati dolores. Blanditiis aut ea et. Et dolorem neque. Dignissimos nostrum et velit dolor. Vero id iste animi laudantium."], ["created_at", "2017-09-05 15:50:09.422733"], ["updated_at", "2017-09-05 15:50:09.422733"]]
  [1m[35m (0.3ms)[0m  [1m[35mCOMMIT[0m
  [1m[35m (0.1ms)[0m  [1m[35mBEGIN[0m
  [1m[35mSQL (0.2ms)[0m  [1m[32mINSERT INTO "notices" ("title", "author", "content", "created_at", "updated_at") VALUES ($1, $2, $3, $4, $5) RETURNING "id"[0m  [["title", "Windom Earle's mind is like a diamond. It's cold, and hard, and brilliant."], ["author", "Count Dooku"], ["content", "Est quis molestiae nisi voluptatem. Cum qui laudantium. Odio voluptatum beatae vel mollitia."], ["created_at", "2017-09-05 15:50:09.424410"], ["updated_at", "2017-09-05 15:50:09.424410"]]
  [1m[35m (0.3ms)[0m  [1m[35mCOMMIT[0m
  [1m[35m (0.1ms)[0m  [1m[35mBEGIN[0m
  [1m[35mSQL (0.3ms)[0m  [1m[32mINSERT INTO "notices" ("title", "author", "content", "created_at", "updated_at") VALUES ($1, $2, $3, $4, $5) RETURNING "id"[0m  [["title", "She's dead... Wrapped in plastic."], ["author", "Lando Calrissian"], ["content", "Distinctio voluptatem dolorem. Dignissimos hic dicta et voluptatum ut nihil. Repellendus nesciunt ratione quos dolore saepe nihil. Quo dolorem explicabo. Voluptas magni nam culpa rerum velit."], ["created_at", "2017-09-05 15:50:09.428276"], ["updated_at", "2017-09-05 15:50:09.428276"]]
  [1m[35m (0.3ms)[0m  [1m[35mCOMMIT[0m
  [1m[35m (0.1ms)[0m  [1m[35mBEGIN[0m
  [1m[35mSQL (0.3ms)[0m  [1m[32mINSERT INTO "notices" ("title", "author", "content", "created_at", "updated_at") VALUES ($1, $2, $3, $4, $5) RETURNING "id"[0m  [["title", "Will this sadness that makes me cry my heart out — will it ever end? The answer, of course, is yes. One day the sadness will end."], ["author", "Count Dooku"], ["content", "Repellendus itaque illum qui quam. Facere tempora officia. Sint maxime autem. Ea illum nesciunt sequi amet repudiandae et."], ["created_at", "2017-09-05 15:50:09.430172"], ["updated_at", "2017-09-05 15:50:09.430172"]]
  [1m[35m (5.9ms)[0m  [1m[35mCOMMIT[0m
  [1m[35m (0.1ms)[0m  [1m[35mBEGIN[0m
  [1m[35mSQL (0.3ms)[0m  [1m[32mINSERT INTO "notices" ("title", "author", "content", "created_at", "updated_at") VALUES ($1, $2, $3, $4, $5) RETURNING "id"[0m  [["title", "Do you want to know what the ultimate secret is? Laura did. The secret of knowing who killed you."], ["author", "Lando Calrissian"], ["content", "Accusamus eaque esse sit culpa quo. Eum assumenda rerum sequi quos officia. Quia omnis qui ut. Deserunt alias vitae quidem temporibus nisi. Nesciunt sed cum illo."], ["created_at", "2017-09-05 15:50:09.437975"], ["updated_at", "2017-09-05 15:50:09.437975"]]
  [1m[35m (5.7ms)[0m  [1m[35mCOMMIT[0m
  [1m[35m (0.1ms)[0m  [1m[35mBEGIN[0m
  [1m[35mSQL (0.4ms)[0m  [1m[32mINSERT INTO "notices" ("title", "author", "content", "created_at", "updated_at") VALUES ($1, $2, $3, $4, $5) RETURNING "id"[0m  [["title", "Black as midnight on a moonless night."], ["author", "Darth Maul"], ["content", "Dolores nisi quia. Et tempore adipisci quibusdam dolor laboriosam. Sunt soluta animi."], ["created_at", "2017-09-05 15:50:09.445702"], ["updated_at", "2017-09-05 15:50:09.445702"]]
  [1m[35m (5.6ms)[0m  [1m[35mCOMMIT[0m
  [1m[35m (0.2ms)[0m  [1m[35mBEGIN[0m
  [1m[35mSQL (0.5ms)[0m  [1m[32mINSERT INTO "notices" ("title", "author", "content", "created_at", "updated_at") VALUES ($1, $2, $3, $4, $5) RETURNING "id"[0m  [["title", "J'ai une âme solitaire."], ["author", "Nute Gunray"], ["content", "Delectus quaerat cupiditate deserunt illo reiciendis voluptatibus. Fuga sunt asperiores ut est vel impedit. Recusandae consequatur corrupti qui. Minima corporis ut et id."], ["created_at", "2017-09-05 15:50:09.453635"], ["updated_at", "2017-09-05 15:50:09.453635"]]
  [1m[35m (4.7ms)[0m  [1m[35mCOMMIT[0m
  [1m[35m (0.1ms)[0m  [1m[35mBEGIN[0m
  [1m[35mSQL (0.6ms)[0m  [1m[32mINSERT INTO "notices" ("title", "author", "content", "created_at", "updated_at") VALUES ($1, $2, $3, $4, $5) RETURNING "id"[0m  [["title", "Will this sadness that makes me cry my heart out — will it ever end? The answer, of course, is yes. One day the sadness will end."], ["author", "Kylo Ren"], ["content", "Iusto corporis autem qui rerum necessitatibus unde. Voluptatum ea aut. Error dolores harum est asperiores cupiditate aut. Exercitationem repudiandae fugit. Ut est eos sit quia."], ["created_at", "2017-09-05 15:50:09.461458"], ["updated_at", "2017-09-05 15:50:09.461458"]]
  [1m[35m (0.4ms)[0m  [1m[35mCOMMIT[0m
  [1m[35m (0.1ms)[0m  [1m[35mBEGIN[0m
  [1m[35mSQL (0.2ms)[0m  [1m[32mINSERT INTO "notices" ("title", "author", "content", "created_at", "updated_at") VALUES ($1, $2, $3, $4, $5) RETURNING "id"[0m  [["title", "The owls are not what they seem."], ["author", "Mace Windu"], ["content", "Est repudiandae ut necessitatibus facere unde. Et est velit eveniet ullam. Quia cumque consequatur enim aut quis. Modi omnis corporis laboriosam non tenetur."], ["created_at", "2017-09-05 15:50:09.464102"], ["updated_at", "2017-09-05 15:50:09.464102"]]
  [1m[35m (0.2ms)[0m  [1m[35mCOMMIT[0m
  [1m[35m (0.1ms)[0m  [1m[35mBEGIN[0m
  [1m[35mSQL (0.2ms)[0m  [1m[32mINSERT INTO "notices" ("title", "author", "content", "created_at", "updated_at") VALUES ($1, $2, $3, $4, $5) RETURNING "id"[0m  [["title", "Wow, Bob, wow."], ["author", "Yoda"], ["content", "Aut at vel laboriosam quasi iusto necessitatibus. Dolor sed veritatis. Omnis ut ipsam minus molestias labore."], ["created_at", "2017-09-05 15:50:09.465857"], ["updated_at", "2017-09-05 15:50:09.465857"]]
  [1m[35m (0.3ms)[0m  [1m[35mCOMMIT[0m
  [1m[35m (0.1ms)[0m  [1m[35mBEGIN[0m
  [1m[35mSQL (0.2ms)[0m  [1m[32mINSERT INTO "notices" ("title", "author", "content", "created_at", "updated_at") VALUES ($1, $2, $3, $4, $5) RETURNING "id"[0m  [["title", "Black as midnight on a moonless night."], ["author", "Obi-Wan Kenobi"], ["content", "Et reprehenderit sed hic dicta voluptas. Et officiis sapiente sit quam. Debitis impedit delectus. Ratione ut illum assumenda eaque."], ["created_at", "2017-09-05 15:50:09.467531"], ["updated_at", "2017-09-05 15:50:09.467531"]]
  [1m[35m (0.2ms)[0m  [1m[35mCOMMIT[0m
  [1m[35m (0.1ms)[0m  [1m[35mBEGIN[0m
  [1m[35mSQL (0.2ms)[0m  [1m[32mINSERT INTO "notices" ("title", "author", "content", "created_at", "updated_at") VALUES ($1, $2, $3, $4, $5) RETURNING "id"[0m  [["title", "I have no idea where this will lead us. But I have a definite feeling it will be a place both wonderful and strange."], ["author", "Ben Solo"], ["content", "Quis consequuntur blanditiis doloremque. Ut qui sit pariatur quae et aut. Recusandae saepe ipsum."], ["created_at", "2017-09-05 15:50:09.469313"], ["updated_at", "2017-09-05 15:50:09.469313"]]
  [1m[35m (0.2ms)[0m  [1m[35mCOMMIT[0m
  [1m[35m (0.1ms)[0m  [1m[35mBEGIN[0m
  [1m[35mSQL (0.2ms)[0m  [1m[32mINSERT INTO "notices" ("title", "author", "content", "created_at", "updated_at") VALUES ($1, $2, $3, $4, $5) RETURNING "id"[0m  [["title", "There was a fish in the percolator!"], ["author", "Wedge Antilles"], ["content", "Aut quos voluptatem omnis. Ipsam quo facilis. Est iure itaque amet dolor. Nihil accusamus itaque et quasi libero."], ["created_at", "2017-09-05 15:50:09.470892"], ["updated_at", "2017-09-05 15:50:09.470892"]]
  [1m[35m (0.2ms)[0m  [1m[35mCOMMIT[0m
  [1m[35m (0.1ms)[0m  [1m[35mBEGIN[0m
  [1m[35mSQL (0.3ms)[0m  [1m[32mINSERT INTO "notices" ("title", "author", "content", "created_at", "updated_at") VALUES ($1, $2, $3, $4, $5) RETURNING "id"[0m  [["title", "The owls are not what they seem."], ["author", "Darth Vader"], ["content", "Molestias architecto sunt quia cupiditate nam. Amet reprehenderit voluptas tenetur dignissimos atque veritatis autem. Laborum aliquam omnis rem atque ratione minima corporis. Blanditiis eius temporibus omnis."], ["created_at", "2017-09-05 15:50:09.472704"], ["updated_at", "2017-09-05 15:50:09.472704"]]
  [1m[35m (0.3ms)[0m  [1m[35mCOMMIT[0m
  [1m[35m (0.1ms)[0m  [1m[35mBEGIN[0m
  [1m[35mSQL (0.3ms)[0m  [1m[32mINSERT INTO "notices" ("title", "author", "content", "created_at", "updated_at") VALUES ($1, $2, $3, $4, $5) RETURNING "id"[0m  [["title", "Where we're from, the birds sing a pretty song, and there's always music in the air."], ["author", "Darth Caedus"], ["content", "Aliquid et repudiandae nihil. Ut sed saepe non enim corrupti. Eum error ea et facere veniam ex et. Nesciunt labore quos expedita qui optio nam."], ["created_at", "2017-09-05 15:50:09.474526"], ["updated_at", "2017-09-05 15:50:09.474526"]]
  [1m[35m (0.2ms)[0m  [1m[35mCOMMIT[0m
  [1m[35m (0.1ms)[0m  [1m[35mBEGIN[0m
  [1m[35mSQL (0.2ms)[0m  [1m[32mINSERT INTO "notices" ("title", "author", "content", "created_at", "updated_at") VALUES ($1, $2, $3, $4, $5) RETURNING "id"[0m  [["title", "It has been a pleasure speaking to you."], ["author", "Ki-Adi-Mundi"], ["content", "Odio voluptatem iste delectus deleniti veritatis veniam. Modi laboriosam repellendus. Totam corporis ut voluptas vero. Dolor vitae omnis sed voluptatem qui."], ["created_at", "2017-09-05 15:50:09.476265"], ["updated_at", "2017-09-05 15:50:09.476265"]]
  [1m[35m (0.2ms)[0m  [1m[35mCOMMIT[0m
  [1m[35m (0.1ms)[0m  [1m[35mBEGIN[0m
  [1m[35mSQL (0.2ms)[0m  [1m[32mINSERT INTO "notices" ("title", "author", "content", "created_at", "updated_at") VALUES ($1, $2, $3, $4, $5) RETURNING "id"[0m  [["title", "There was a fish in the percolator!"], ["author", "Darth Vader"], ["content", "Est maxime quia aut exercitationem. Qui itaque esse in quos modi. Unde magnam veniam velit quam optio. Ipsa aut beatae non asperiores pariatur est vel."], ["created_at", "2017-09-05 15:50:09.477961"], ["updated_at", "2017-09-05 15:50:09.477961"]]
  [1m[35m (0.2ms)[0m  [1m[35mCOMMIT[0m
  [1m[35m (0.1ms)[0m  [1m[35mBEGIN[0m
  [1m[35mSQL (0.3ms)[0m  [1m[32mINSERT INTO "notices" ("title", "author", "content", "created_at", "updated_at") VALUES ($1, $2, $3, $4, $5) RETURNING "id"[0m  [["title", "Will this sadness that makes me cry my heart out — will it ever end? The answer, of course, is yes. One day the sadness will end."], ["author", "Jar Jar Binks"], ["content", "Explicabo id occaecati autem velit. Ratione temporibus laboriosam fugit aperiam est consectetur est. Odit at rerum facere. Officia sit architecto. Et quae tempore architecto."], ["created_at", "2017-09-05 15:50:09.479775"], ["updated_at", "2017-09-05 15:50:09.479775"]]
  [1m[35m (0.2ms)[0m  [1m[35mCOMMIT[0m
  [1m[35m (0.1ms)[0m  [1m[35mBEGIN[0m
  [1m[35mSQL (0.2ms)[0m  [1m[32mINSERT INTO "notices" ("title", "author", "content", "created_at", "updated_at") VALUES ($1, $2, $3, $4, $5) RETURNING "id"[0m  [["title", "That gum you like is going to come back in style."], ["author", "Poe Dameron"], ["content", "Rem eum dolores quae cum laborum voluptas deleniti. Sunt omnis alias at et commodi. Quis ut incidunt. A et est aut pariatur. Nesciunt at dolores minus voluptas aut."], ["created_at", "2017-09-05 15:50:09.481576"], ["updated_at", "2017-09-05 15:50:09.481576"]]
  [1m[35m (0.3ms)[0m  [1m[35mCOMMIT[0m
  [1m[35m (0.1ms)[0m  [1m[35mBEGIN[0m
  [1m[35mSQL (0.2ms)[0m  [1m[32mINSERT INTO "notices" ("title", "author", "content", "created_at", "updated_at") VALUES ($1, $2, $3, $4, $5) RETURNING "id"[0m  [["title", "MAY A SMILE BE YOUR UMBRELLA. WE'VE ALL HAD OUR SOCKS TOSSED AROUND."], ["author", "Bail Organa"], ["content", "Harum nisi alias temporibus. Inventore fuga quam sed. Id exercitationem quae sed veniam. Nihil commodi nisi. Modi nam similique quis harum est ut."], ["created_at", "2017-09-05 15:50:09.483426"], ["updated_at", "2017-09-05 15:50:09.483426"]]
  [1m[35m (0.2ms)[0m  [1m[35mCOMMIT[0m
  [1m[35m (0.1ms)[0m  [1m[35mBEGIN[0m
  [1m[35mSQL (0.3ms)[0m  [1m[32mINSERT INTO "notices" ("title", "author", "content", "created_at", "updated_at") VALUES ($1, $2, $3, $4, $5) RETURNING "id"[0m  [["title", "Every day, once a day, give yourself a present."], ["author", "Panaka"], ["content", "Ut distinctio voluptas. Quasi aut modi. Voluptate quibusdam molestias doloremque accusantium placeat odio maiores."], ["created_at", "2017-09-05 15:50:09.485154"], ["updated_at", "2017-09-05 15:50:09.485154"]]
  [1m[35m (0.3ms)[0m  [1m[35mCOMMIT[0m
  [1m[35m (0.1ms)[0m  [1m[35mBEGIN[0m
  [1m[35mSQL (0.3ms)[0m  [1m[32mINSERT INTO "notices" ("title", "author", "content", "created_at", "updated_at") VALUES ($1, $2, $3, $4, $5) RETURNING "id"[0m  [["title", "YOU ARE WITNESSING A FRONT THREE-QUARTER VIEW OF TWO ADULTS SHARING A TENDER MOMENT"], ["author", "Lando Calrissian"], ["content", "Eveniet omnis eligendi doloremque incidunt officiis magni rerum. Quae exercitationem voluptates natus dolor distinctio officiis nobis. Eum eum tempore similique. Nesciunt distinctio excepturi ipsum et non vel sit. Voluptatibus laudantium vero excepturi ex nemo sapiente."], ["created_at", "2017-09-05 15:50:09.486767"], ["updated_at", "2017-09-05 15:50:09.486767"]]
  [1m[35m (0.2ms)[0m  [1m[35mCOMMIT[0m
  [1m[35m (0.1ms)[0m  [1m[35mBEGIN[0m
  [1m[35mSQL (0.2ms)[0m  [1m[32mINSERT INTO "notices" ("title", "author", "content", "created_at", "updated_at") VALUES ($1, $2, $3, $4, $5) RETURNING "id"[0m  [["title", "Where we're from, the birds sing a pretty song, and there's always music in the air."], ["author", "Bail Organa"], ["content", "Et soluta autem inventore eius laborum labore pariatur. Quos vero reprehenderit saepe dignissimos eum quasi. Vero optio placeat perspiciatis. Neque rerum dicta."], ["created_at", "2017-09-05 15:50:09.488483"], ["updated_at", "2017-09-05 15:50:09.488483"]]
  [1m[35m (0.2ms)[0m  [1m[35mCOMMIT[0m
  [1m[35m (0.2ms)[0m  [1m[35mBEGIN[0m
  [1m[35mSQL (0.2ms)[0m  [1m[32mINSERT INTO "notices" ("title", "author", "content", "created_at", "updated_at") VALUES ($1, $2, $3, $4, $5) RETURNING "id"[0m  [["title", "Damn fine coffee! And hot!"], ["author", "Sheev Palpatine"], ["content", "Molestiae et fugiat quaerat ratione quidem. Non eveniet ea deleniti. Ullam sed soluta."], ["created_at", "2017-09-05 15:50:09.490200"], ["updated_at", "2017-09-05 15:50:09.490200"]]
  [1m[35m (0.3ms)[0m  [1m[35mCOMMIT[0m
  [1m[35m (0.1ms)[0m  [1m[35mBEGIN[0m
  [1m[35mSQL (0.2ms)[0m  [1m[32mINSERT INTO "notices" ("title", "author", "content", "created_at", "updated_at") VALUES ($1, $2, $3, $4, $5) RETURNING "id"[0m  [["title", "The owls are not what they seem."], ["author", "Anakin Skywalker"], ["content", "Architecto nulla itaque corrupti fugit molestiae in excepturi. Et et voluptas et voluptate porro nostrum sit. Soluta ut molestiae qui maiores."], ["created_at", "2017-09-05 15:50:09.492036"], ["updated_at", "2017-09-05 15:50:09.492036"]]
  [1m[35m (0.3ms)[0m  [1m[35mCOMMIT[0m
  [1m[35m (0.2ms)[0m  [1m[35mBEGIN[0m
  [1m[35mSQL (0.2ms)[0m  [1m[32mINSERT INTO "notices" ("title", "author", "content", "created_at", "updated_at") VALUES ($1, $2, $3, $4, $5) RETURNING "id"[0m  [["title", "Wow, Bob, wow."], ["author", "Mace Windu"], ["content", "Sed vel enim dolorum. Aperiam nam consectetur et debitis. Eligendi ullam dolores culpa."], ["created_at", "2017-09-05 15:50:09.494000"], ["updated_at", "2017-09-05 15:50:09.494000"]]
  [1m[35m (0.3ms)[0m  [1m[35mCOMMIT[0m
  [1m[35m (0.1ms)[0m  [1m[35mBEGIN[0m
  [1m[35mSQL (0.2ms)[0m  [1m[32mINSERT INTO "notices" ("title", "author", "content", "created_at", "updated_at") VALUES ($1, $2, $3, $4, $5) RETURNING "id"[0m  [["title", "Wow, Bob, wow."], ["author", "Jango Fett"], ["content", "Et qui non molestiae eligendi. Ratione laboriosam architecto et. Non voluptas porro excepturi labore."], ["created_at", "2017-09-05 15:50:09.495865"], ["updated_at", "2017-09-05 15:50:09.495865"]]
  [1m[35m (0.3ms)[0m  [1m[35mCOMMIT[0m
  [1m[35m (0.1ms)[0m  [1m[35mBEGIN[0m
  [1m[35mSQL (0.2ms)[0m  [1m[32mINSERT INTO "notices" ("title", "author", "content", "created_at", "updated_at") VALUES ($1, $2, $3, $4, $5) RETURNING "id"[0m  [["title", "You may think I've gone insane... but I promise. I will kill again."], ["author", "Borvo the Hutt"], ["content", "Recusandae aperiam harum quos. Harum magni est consequatur. Facere consequatur explicabo."], ["created_at", "2017-09-05 15:50:09.497512"], ["updated_at", "2017-09-05 15:50:09.497512"]]
  [1m[35m (0.2ms)[0m  [1m[35mCOMMIT[0m
  [1m[35m (0.1ms)[0m  [1m[35mBEGIN[0m
  [1m[35mSQL (0.3ms)[0m  [1m[32mINSERT INTO "notices" ("title", "author", "content", "created_at", "updated_at") VALUES ($1, $2, $3, $4, $5) RETURNING "id"[0m  [["title", "That gum you like is going to come back in style."], ["author", "Anakin Skywalker"], ["content", "Ut accusantium eum aut dolor voluptatem. Modi nihil nobis. Id incidunt beatae consectetur vero voluptatum est ad. Magni ut ex ducimus voluptatem minima."], ["created_at", "2017-09-05 15:50:09.499083"], ["updated_at", "2017-09-05 15:50:09.499083"]]
  [1m[35m (0.2ms)[0m  [1m[35mCOMMIT[0m
  [1m[35m (0.1ms)[0m  [1m[35mBEGIN[0m
  [1m[35mSQL (0.2ms)[0m  [1m[32mINSERT INTO "notices" ("title", "author", "content", "created_at", "updated_at") VALUES ($1, $2, $3, $4, $5) RETURNING "id"[0m  [["title", "How's Annie? How's Annie? How's Annie?"], ["author", "Han Solo"], ["content", "Perspiciatis illo sit voluptatem unde ullam voluptas. Eveniet nobis ea. Fuga et porro. Ipsum blanditiis et. Qui maiores a id enim culpa nisi."], ["created_at", "2017-09-05 15:50:09.500580"], ["updated_at", "2017-09-05 15:50:09.500580"]]
  [1m[35m (0.2ms)[0m  [1m[35mCOMMIT[0m
  [1m[35m (0.1ms)[0m  [1m[35mBEGIN[0m
  [1m[35mSQL (0.2ms)[0m  [1m[32mINSERT INTO "notices" ("title", "author", "content", "created_at", "updated_at") VALUES ($1, $2, $3, $4, $5) RETURNING "id"[0m  [["title", "Every day, once a day, give yourself a present."], ["author", "Boba Fett"], ["content", "Cum et nostrum. Fuga qui quasi reprehenderit velit ipsa voluptatem. Nostrum facere sunt ex laudantium inventore quae. In veniam voluptatem optio impedit accusantium. Accusantium quis maiores."], ["created_at", "2017-09-05 15:50:09.502032"], ["updated_at", "2017-09-05 15:50:09.502032"]]
  [1m[35m (0.2ms)[0m  [1m[35mCOMMIT[0m
  [1m[35m (0.1ms)[0m  [1m[35mBEGIN[0m
  [1m[35mSQL (0.3ms)[0m  [1m[32mINSERT INTO "notices" ("title", "author", "content", "created_at", "updated_at") VALUES ($1, $2, $3, $4, $5) RETURNING "id"[0m  [["title", "YOU ARE WITNESSING A FRONT THREE-QUARTER VIEW OF TWO ADULTS SHARING A TENDER MOMENT"], ["author", "Jabba the Hutt"], ["content", "Deserunt dolor cupiditate numquam est. Libero laboriosam voluptatibus quod repudiandae. Molestiae quasi enim et sunt quibusdam rerum impedit. Totam molestiae dolor aut expedita a reprehenderit autem. Et non alias reiciendis molestiae quo."], ["created_at", "2017-09-05 15:50:09.503526"], ["updated_at", "2017-09-05 15:50:09.503526"]]
  [1m[35m (0.2ms)[0m  [1m[35mCOMMIT[0m
  [1m[35m (0.1ms)[0m  [1m[35mBEGIN[0m
  [1m[35mSQL (0.2ms)[0m  [1m[32mINSERT INTO "notices" ("title", "author", "content", "created_at", "updated_at") VALUES ($1, $2, $3, $4, $5) RETURNING "id"[0m  [["title", "Black as midnight on a moonless night."], ["author", "Kylo Ren"], ["content", "Maxime omnis eius est delectus aut quia. Sequi dolorem alias sit accusantium ipsum. Ducimus autem accusantium. Officiis consequatur fuga enim voluptatum. Occaecati odio incidunt dolore."], ["created_at", "2017-09-05 15:50:09.505095"], ["updated_at", "2017-09-05 15:50:09.505095"]]
  [1m[35m (0.2ms)[0m  [1m[35mCOMMIT[0m
  [1m[35m (0.1ms)[0m  [1m[35mBEGIN[0m
  [1m[35mSQL (0.3ms)[0m  [1m[32mINSERT INTO "notices" ("title", "author", "content", "created_at", "updated_at") VALUES ($1, $2, $3, $4, $5) RETURNING "id"[0m  [["title", "Wow, Bob, wow."], ["author", "Darth Caedus"], ["content", "Hic quos temporibus quae. Similique sed rerum aut odit. Blanditiis cupiditate assumenda. Odio magnam rem ducimus nisi."], ["created_at", "2017-09-05 15:50:09.506450"], ["updated_at", "2017-09-05 15:50:09.506450"]]
  [1m[35m (0.3ms)[0m  [1m[35mCOMMIT[0m
  [1m[35m (0.1ms)[0m  [1m[35mBEGIN[0m
  [1m[35mSQL (0.4ms)[0m  [1m[32mINSERT INTO "notices" ("title", "author", "content", "created_at", "updated_at") VALUES ($1, $2, $3, $4, $5) RETURNING "id"[0m  [["title", "Every day, once a day, give yourself a present."], ["author", "Jabba the Hutt"], ["content", "Officia dolores illum. Cumque delectus soluta id. Non quos recusandae similique praesentium maxime est."], ["created_at", "2017-09-05 15:50:09.508425"], ["updated_at", "2017-09-05 15:50:09.508425"]]
  [1m[35m (0.3ms)[0m  [1m[35mCOMMIT[0m
  [1m[35m (0.1ms)[0m  [1m[35mBEGIN[0m
  [1m[35mSQL (0.3ms)[0m  [1m[32mINSERT INTO "notices" ("title", "author", "content", "created_at", "updated_at") VALUES ($1, $2, $3, $4, $5) RETURNING "id"[0m  [["title", "How's Annie? How's Annie? How's Annie?"], ["author", "Jango Fett"], ["content", "Non nam quos tempora. Quia a ea. Dolor cum incidunt qui sunt cumque velit. Et impedit consequatur quia eligendi. Temporibus quo doloremque non qui."], ["created_at", "2017-09-05 15:50:09.510848"], ["updated_at", "2017-09-05 15:50:09.510848"]]
  [1m[35m (0.2ms)[0m  [1m[35mCOMMIT[0m
  [1m[35m (0.1ms)[0m  [1m[35mBEGIN[0m
  [1m[35mSQL (0.3ms)[0m  [1m[32mINSERT INTO "notices" ("title", "author", "content", "created_at", "updated_at") VALUES ($1, $2, $3, $4, $5) RETURNING "id"[0m  [["title", "Every day, once a day, give yourself a present."], ["author", "Darth Maul"], ["content", "Voluptas ad harum temporibus dolorum. Eaque corporis est reiciendis libero rem molestiae qui. Autem est assumenda aut. Vel quia eos veritatis delectus numquam. Numquam rerum cumque sed qui inventore aut."], ["created_at", "2017-09-05 15:50:09.512293"], ["updated_at", "2017-09-05 15:50:09.512293"]]
  [1m[35m (0.3ms)[0m  [1m[35mCOMMIT[0m
  [1m[35m (0.1ms)[0m  [1m[35mBEGIN[0m
  [1m[35mSQL (0.4ms)[0m  [1m[32mINSERT INTO "notices" ("title", "author", "content", "created_at", "updated_at") VALUES ($1, $2, $3, $4, $5) RETURNING "id"[0m  [["title", "Damn fine coffee! And hot!"], ["author", "Obi-Wan Kenobi"], ["content", "Distinctio exercitationem consectetur quis minus quia et. Corrupti sed provident sit. Est sed provident nam aspernatur natus totam porro. In ut ut. Deserunt provident enim velit praesentium explicabo."], ["created_at", "2017-09-05 15:50:09.513892"], ["updated_at", "2017-09-05 15:50:09.513892"]]
  [1m[35m (0.3ms)[0m  [1m[35mCOMMIT[0m
  [1m[35m (0.1ms)[0m  [1m[35mBEGIN[0m
  [1m[35mSQL (0.2ms)[0m  [1m[32mINSERT INTO "notices" ("title", "author", "content", "created_at", "updated_at") VALUES ($1, $2, $3, $4, $5) RETURNING "id"[0m  [["title", "You know, this is — excuse me — a damn fine cup of coffee!"], ["author", "Luke Skywalker"], ["content", "Molestiae est et omnis ut cupiditate doloremque. Nobis saepe est labore iure repellat et ipsum. Officia eum in occaecati voluptatem. Quia ad porro et qui. Sed culpa laboriosam libero."], ["created_at", "2017-09-05 15:50:09.515780"], ["updated_at", "2017-09-05 15:50:09.515780"]]
  [1m[35m (0.2ms)[0m  [1m[35mCOMMIT[0m
  [1m[35m (0.1ms)[0m  [1m[35mBEGIN[0m
  [1m[35mSQL (0.3ms)[0m  [1m[32mINSERT INTO "notices" ("title", "author", "content", "created_at", "updated_at") VALUES ($1, $2, $3, $4, $5) RETURNING "id"[0m  [["title", "You may think I've gone insane... but I promise. I will kill again."], ["author", "Mace Windu"], ["content", "Ad mollitia fugiat omnis. Consectetur voluptatum est et. Quos accusantium numquam voluptas dolore aliquid nihil."], ["created_at", "2017-09-05 15:50:09.517263"], ["updated_at", "2017-09-05 15:50:09.517263"]]
  [1m[35m (0.2ms)[0m  [1m[35mCOMMIT[0m
  [1m[35m (0.1ms)[0m  [1m[35mBEGIN[0m
  [1m[35mSQL (0.4ms)[0m  [1m[32mINSERT INTO "notices" ("title", "author", "content", "created_at", "updated_at") VALUES ($1, $2, $3, $4, $5) RETURNING "id"[0m  [["title", "Harry, is that bag smiling?"], ["author", "Count Dooku"], ["content", "Magni a libero architecto ea sit laudantium rerum. Ut ea qui quisquam. Unde aspernatur omnis porro. Optio eos officiis aliquam. Qui unde non repellendus enim ut."], ["created_at", "2017-09-05 15:50:09.518998"], ["updated_at", "2017-09-05 15:50:09.518998"]]
  [1m[35m (0.2ms)[0m  [1m[35mCOMMIT[0m
  [1m[35m (0.1ms)[0m  [1m[35mBEGIN[0m
  [1m[35mSQL (0.3ms)[0m  [1m[32mINSERT INTO "notices" ("title", "author", "content", "created_at", "updated_at") VALUES ($1, $2, $3, $4, $5) RETURNING "id"[0m  [["title", "Do you want to know what the ultimate secret is? Laura did. The secret of knowing who killed you."], ["author", "Watto"], ["content", "Quas occaecati quia et assumenda laborum. Facere ea dolorem. Officiis voluptates tempora minus quaerat. Qui at in numquam. Natus sed aut aliquam voluptatem necessitatibus officiis animi."], ["created_at", "2017-09-05 15:50:09.520915"], ["updated_at", "2017-09-05 15:50:09.520915"]]
  [1m[35m (0.3ms)[0m  [1m[35mCOMMIT[0m
  [1m[35m (0.1ms)[0m  [1m[35mBEGIN[0m
  [1m[35mSQL (0.3ms)[0m  [1m[32mINSERT INTO "notices" ("title", "author", "content", "created_at", "updated_at") VALUES ($1, $2, $3, $4, $5) RETURNING "id"[0m  [["title", "Pie. Whoever invented the pie? Here was a great person."], ["author", "Padme Amidala"], ["content", "Velit fugit id eligendi iure est vero. Dolorem reiciendis alias doloremque. Est voluptas tempora. Voluptatem quod debitis earum. Qui accusantium voluptas."], ["created_at", "2017-09-05 15:50:09.522813"], ["updated_at", "2017-09-05 15:50:09.522813"]]
  [1m[35m (0.2ms)[0m  [1m[35mCOMMIT[0m
  [1m[35m (0.1ms)[0m  [1m[35mBEGIN[0m
  [1m[35mSQL (0.2ms)[0m  [1m[32mINSERT INTO "notices" ("title", "author", "content", "created_at", "updated_at") VALUES ($1, $2, $3, $4, $5) RETURNING "id"[0m  [["title", "There's nothing quite like urinating in the open air."], ["author", "Poe Dameron"], ["content", "Asperiores ducimus reiciendis ut et vel molestias consequatur. Odit quia veritatis. Excepturi suscipit voluptatem id quas quasi ipsum."], ["created_at", "2017-09-05 15:50:09.524535"], ["updated_at", "2017-09-05 15:50:09.524535"]]
  [1m[35m (0.2ms)[0m  [1m[35mCOMMIT[0m
  [1m[35m (0.1ms)[0m  [1m[35mBEGIN[0m
  [1m[35mSQL (0.2ms)[0m  [1m[32mINSERT INTO "notices" ("title", "author", "content", "created_at", "updated_at") VALUES ($1, $2, $3, $4, $5) RETURNING "id"[0m  [["title", "I don't wanna talk. I wanna shoot."], ["author", "Jabba the Hutt"], ["content", "Dolor culpa ipsum qui. Neque quis nostrum sit. Occaecati ad voluptatem hic consequatur velit illum id."], ["created_at", "2017-09-05 15:50:09.526037"], ["updated_at", "2017-09-05 15:50:09.526037"]]
  [1m[35m (0.2ms)[0m  [1m[35mCOMMIT[0m
  [1m[35m (0.1ms)[0m  [1m[35mBEGIN[0m
  [1m[35mSQL (0.3ms)[0m  [1m[32mINSERT INTO "notices" ("title", "author", "content", "created_at", "updated_at") VALUES ($1, $2, $3, $4, $5) RETURNING "id"[0m  [["title", "Through the darkness of future's past, the magician longs to see. One chants out between two worlds... \"Fire... walk with me.\""], ["author", "Darth Maul"], ["content", "Sint deleniti dolorum blanditiis perspiciatis doloremque natus. Cum dolores veniam aut asperiores. Perspiciatis deserunt voluptatem. Ipsam dolor quidem accusamus facere optio aut. Ab animi ipsam esse iste ipsa quos sit."], ["created_at", "2017-09-05 15:50:09.527616"], ["updated_at", "2017-09-05 15:50:09.527616"]]
  [1m[35m (0.2ms)[0m  [1m[35mCOMMIT[0m
  [1m[35m (0.1ms)[0m  [1m[35mBEGIN[0m
  [1m[35mSQL (0.4ms)[0m  [1m[32mINSERT INTO "notices" ("title", "author", "content", "created_at", "updated_at") VALUES ($1, $2, $3, $4, $5) RETURNING "id"[0m  [["title", "Black as midnight on a moonless night."], ["author", "Chewbacca"], ["content", "Quae ad amet inventore veniam. Sed eum repellat. Repellat cumque officiis quia. Veniam illum consequatur aut minus."], ["created_at", "2017-09-05 15:50:09.529316"], ["updated_at", "2017-09-05 15:50:09.529316"]]
  [1m[35m (0.2ms)[0m  [1m[35mCOMMIT[0m
  [1m[35m (0.1ms)[0m  [1m[35mBEGIN[0m
  [1m[35mSQL (0.3ms)[0m  [1m[32mINSERT INTO "notices" ("title", "author", "content", "created_at", "updated_at") VALUES ($1, $2, $3, $4, $5) RETURNING "id"[0m  [["title", "That gum you like is going to come back in style."], ["author", "Panaka"], ["content", "Qui magni molestiae et maxime omnis eum. Maiores odit modi sed adipisci soluta culpa quidem. Distinctio exercitationem qui dolores harum quisquam non. Libero voluptas molestiae unde suscipit qui laudantium eius. Deserunt eius qui."], ["created_at", "2017-09-05 15:50:09.531112"], ["updated_at", "2017-09-05 15:50:09.531112"]]
  [1m[35m (0.2ms)[0m  [1m[35mCOMMIT[0m
  [1m[35m (0.1ms)[0m  [1m[35mBEGIN[0m
  [1m[35mSQL (0.2ms)[0m  [1m[32mINSERT INTO "notices" ("title", "author", "content", "created_at", "updated_at") VALUES ($1, $2, $3, $4, $5) RETURNING "id"[0m  [["title", "MAY A SMILE BE YOUR UMBRELLA. WE'VE ALL HAD OUR SOCKS TOSSED AROUND."], ["author", "Jango Fett"], ["content", "Rerum omnis cupiditate. Enim aliquid adipisci nihil minima asperiores. Aperiam mollitia labore. Aut repellat similique repellendus. Similique quos earum quis omnis."], ["created_at", "2017-09-05 15:50:09.532644"], ["updated_at", "2017-09-05 15:50:09.532644"]]
  [1m[35m (0.3ms)[0m  [1m[35mCOMMIT[0m
  [1m[35m (0.1ms)[0m  [1m[35mBEGIN[0m
  [1m[35mSQL (0.3ms)[0m  [1m[32mINSERT INTO "notices" ("title", "author", "content", "created_at", "updated_at") VALUES ($1, $2, $3, $4, $5) RETURNING "id"[0m  [["title", "It has been a pleasure speaking to you."], ["author", "Jar Jar Binks"], ["content", "Sit voluptas itaque adipisci architecto qui consequatur officiis. Consequuntur alias vero voluptatem est nostrum nulla beatae. Sit quia sint autem magnam ut. Ratione fuga dolores quis et."], ["created_at", "2017-09-05 15:50:09.534218"], ["updated_at", "2017-09-05 15:50:09.534218"]]
  [1m[35m (0.2ms)[0m  [1m[35mCOMMIT[0m
  [1m[35m (0.1ms)[0m  [1m[35mBEGIN[0m
  [1m[35mSQL (0.2ms)[0m  [1m[32mINSERT INTO "notices" ("title", "author", "content", "created_at", "updated_at") VALUES ($1, $2, $3, $4, $5) RETURNING "id"[0m  [["title", "Do you want to know what the ultimate secret is? Laura did. The secret of knowing who killed you."], ["author", "Darth Maul"], ["content", "Earum quas eos dolores dolorum et. Ducimus vero aut amet fugit aut. Rem accusamus autem alias sint. Distinctio maiores qui eos id qui hic praesentium."], ["created_at", "2017-09-05 15:50:09.535891"], ["updated_at", "2017-09-05 15:50:09.535891"]]
  [1m[35m (0.2ms)[0m  [1m[35mCOMMIT[0m
  [1m[35m (0.1ms)[0m  [1m[35mBEGIN[0m
  [1m[35mSQL (0.2ms)[0m  [1m[32mINSERT INTO "notices" ("title", "author", "content", "created_at", "updated_at") VALUES ($1, $2, $3, $4, $5) RETURNING "id"[0m  [["title", "Do you want to know what the ultimate secret is? Laura did. The secret of knowing who killed you."], ["author", "Han Solo"], ["content", "Ad aut sapiente facere iusto repudiandae illum. Aut omnis omnis molestiae error rem laudantium necessitatibus. Nihil dolorum dolor."], ["created_at", "2017-09-05 15:50:09.537390"], ["updated_at", "2017-09-05 15:50:09.537390"]]
  [1m[35m (0.2ms)[0m  [1m[35mCOMMIT[0m
  [1m[35m (0.2ms)[0m  [1m[35mBEGIN[0m
  [1m[35mSQL (0.2ms)[0m  [1m[32mINSERT INTO "notices" ("title", "author", "content", "created_at", "updated_at") VALUES ($1, $2, $3, $4, $5) RETURNING "id"[0m  [["title", "You know, this is — excuse me — a damn fine cup of coffee!"], ["author", "Darth Sidious"], ["content", "Consequatur et incidunt eum excepturi sed quod qui. Dicta labore dolore omnis dolorum non. Consequatur libero sequi. Voluptas repellendus quia ut vero nulla occaecati."], ["created_at", "2017-09-05 15:50:09.538867"], ["updated_at", "2017-09-05 15:50:09.538867"]]
  [1m[35m (0.3ms)[0m  [1m[35mCOMMIT[0m
  [1m[35m (0.1ms)[0m  [1m[35mBEGIN[0m
  [1m[35mSQL (0.2ms)[0m  [1m[32mINSERT INTO "notices" ("title", "author", "content", "created_at", "updated_at") VALUES ($1, $2, $3, $4, $5) RETURNING "id"[0m  [["title", "Through the darkness of future's past, the magician longs to see. One chants out between two worlds... \"Fire... walk with me.\""], ["author", "Ki-Adi-Mundi"], ["content", "Omnis alias nemo. Laborum aspernatur tempora rem. Quia et qui. Aliquid non architecto provident non. Expedita iste inventore repudiandae dolorum."], ["created_at", "2017-09-05 15:50:09.540372"], ["updated_at", "2017-09-05 15:50:09.540372"]]
  [1m[35m (0.3ms)[0m  [1m[35mCOMMIT[0m
  [1m[35m (0.1ms)[0m  [1m[35mBEGIN[0m
  [1m[35mSQL (0.2ms)[0m  [1m[32mINSERT INTO "notices" ("title", "author", "content", "created_at", "updated_at") VALUES ($1, $2, $3, $4, $5) RETURNING "id"[0m  [["title", "J'ai une âme solitaire."], ["author", "Lando Calrissian"], ["content", "Unde laborum quam rerum. Voluptatem consequuntur aut et et dolores et aut. Ex repellendus necessitatibus praesentium."], ["created_at", "2017-09-05 15:50:09.541815"], ["updated_at", "2017-09-05 15:50:09.541815"]]
  [1m[35m (0.2ms)[0m  [1m[35mCOMMIT[0m
  [1m[35m (0.2ms)[0m  [1m[35mBEGIN[0m
  [1m[35mSQL (0.4ms)[0m  [1m[32mINSERT INTO "notices" ("title", "author", "content", "created_at", "updated_at") VALUES ($1, $2, $3, $4, $5) RETURNING "id"[0m  [["title", "Where we're from, the birds sing a pretty song, and there's always music in the air."], ["author", "Luke Skywalker"], ["content", "Atque saepe incidunt ut. Rem et autem cum ullam id. Libero dolores consequatur praesentium quis."], ["created_at", "2017-09-05 15:50:09.543441"], ["updated_at", "2017-09-05 15:50:09.543441"]]
  [1m[35m (0.3ms)[0m  [1m[35mCOMMIT[0m
  [1m[35m (0.1ms)[0m  [1m[35mBEGIN[0m
  [1m[35mSQL (0.3ms)[0m  [1m[32mINSERT INTO "notices" ("title", "author", "content", "created_at", "updated_at") VALUES ($1, $2, $3, $4, $5) RETURNING "id"[0m  [["title", "There's nothing quite like urinating in the open air."], ["author", "Poe Dameron"], ["content", "Et sed dolore iste rem voluptatibus ut. Temporibus voluptatem est neque impedit harum qui. Rerum laborum odio repudiandae."], ["created_at", "2017-09-05 15:50:09.545610"], ["updated_at", "2017-09-05 15:50:09.545610"]]
  [1m[35m (0.2ms)[0m  [1m[35mCOMMIT[0m
  [1m[35m (0.1ms)[0m  [1m[35mBEGIN[0m
  [1m[35mSQL (0.3ms)[0m  [1m[32mINSERT INTO "notices" ("title", "author", "content", "created_at", "updated_at") VALUES ($1, $2, $3, $4, $5) RETURNING "id"[0m  [["title", "Harry, is that bag smiling?"], ["author", "Han Solo"], ["content", "Rem vitae perspiciatis voluptatem. Harum consequuntur dolorum sequi. Animi autem in soluta minus et amet quod. Ea est deserunt nulla sint ratione consequuntur nemo. Id ut perferendis voluptatum eveniet enim eaque."], ["created_at", "2017-09-05 15:50:09.547446"], ["updated_at", "2017-09-05 15:50:09.547446"]]
  [1m[35m (0.3ms)[0m  [1m[35mCOMMIT[0m
  [1m[35m (0.1ms)[0m  [1m[35mBEGIN[0m
  [1m[35mSQL (0.3ms)[0m  [1m[32mINSERT INTO "notices" ("title", "author", "content", "created_at", "updated_at") VALUES ($1, $2, $3, $4, $5) RETURNING "id"[0m  [["title", "Wow, Bob, wow."], ["author", "Nute Gunray"], ["content", "Quibusdam ut voluptatem et id et. Neque pariatur dicta. Quis tempora qui pariatur dolor eum voluptas veritatis."], ["created_at", "2017-09-05 15:50:09.549344"], ["updated_at", "2017-09-05 15:50:09.549344"]]
  [1m[35m (0.3ms)[0m  [1m[35mCOMMIT[0m
  [1m[35m (0.1ms)[0m  [1m[35mBEGIN[0m
  [1m[35mSQL (0.3ms)[0m  [1m[32mINSERT INTO "notices" ("title", "author", "content", "created_at", "updated_at") VALUES ($1, $2, $3, $4, $5) RETURNING "id"[0m  [["title", "Will this sadness that makes me cry my heart out — will it ever end? The answer, of course, is yes. One day the sadness will end."], ["author", "Ben Solo"], ["content", "Necessitatibus dolores iusto et facilis qui. Non molestias debitis perferendis nemo enim quidem. Sint harum assumenda eos vel aliquam itaque. Cum est necessitatibus quibusdam ut deleniti soluta eos."], ["created_at", "2017-09-05 15:50:09.551436"], ["updated_at", "2017-09-05 15:50:09.551436"]]
  [1m[35m (0.3ms)[0m  [1m[35mCOMMIT[0m
  [1m[35m (0.1ms)[0m  [1m[35mBEGIN[0m
  [1m[35mSQL (0.3ms)[0m  [1m[32mINSERT INTO "notices" ("title", "author", "content", "created_at", "updated_at") VALUES ($1, $2, $3, $4, $5) RETURNING "id"[0m  [["title", "Through the darkness of future's past, the magician longs to see. One chants out between two worlds... \"Fire... walk with me.\""], ["author", "Nute Gunray"], ["content", "Minus voluptas consequatur dolor ut illum dignissimos. Ratione harum laudantium. Eaque pariatur sapiente voluptas voluptate omnis. Dolor ut cumque placeat atque fuga consequatur."], ["created_at", "2017-09-05 15:50:09.553424"], ["updated_at", "2017-09-05 15:50:09.553424"]]
  [1m[35m (0.2ms)[0m  [1m[35mCOMMIT[0m
  [1m[35m (0.1ms)[0m  [1m[35mBEGIN[0m
  [1m[35mSQL (0.3ms)[0m  [1m[32mINSERT INTO "notices" ("title", "author", "content", "created_at", "updated_at") VALUES ($1, $2, $3, $4, $5) RETURNING "id"[0m  [["title", "You know, this is — excuse me — a damn fine cup of coffee!"], ["author", "Jango Fett"], ["content", "Vero cum quis dicta libero. Atque ea id architecto sit dignissimos corrupti. Animi corporis perspiciatis ex nisi laborum sint possimus. Culpa dolores fuga et."], ["created_at", "2017-09-05 15:50:09.555318"], ["updated_at", "2017-09-05 15:50:09.555318"]]
  [1m[35m (0.3ms)[0m  [1m[35mCOMMIT[0m
  [1m[35m (0.1ms)[0m  [1m[35mBEGIN[0m
  [1m[35mSQL (0.2ms)[0m  [1m[32mINSERT INTO "notices" ("title", "author", "content", "created_at", "updated_at") VALUES ($1, $2, $3, $4, $5) RETURNING "id"[0m  [["title", "Every day, once a day, give yourself a present."], ["author", "Borvo the Hutt"], ["content", "Laudantium architecto est nobis aut ut illum et. Et eos eos saepe laudantium vitae id debitis. Voluptatum unde ut esse perferendis. Optio quia ex nesciunt sequi consequatur. Dolorem dolor eos doloremque et veritatis dolor."], ["created_at", "2017-09-05 15:50:09.557271"], ["updated_at", "2017-09-05 15:50:09.557271"]]
  [1m[35m (0.3ms)[0m  [1m[35mCOMMIT[0m
  [1m[35m (0.2ms)[0m  [1m[35mBEGIN[0m
  [1m[35mSQL (0.3ms)[0m  [1m[32mINSERT INTO "notices" ("title", "author", "content", "created_at", "updated_at") VALUES ($1, $2, $3, $4, $5) RETURNING "id"[0m  [["title", "Windom Earle's mind is like a diamond. It's cold, and hard, and brilliant."], ["author", "Ben Solo"], ["content", "Debitis amet architecto qui sunt est eos. Similique modi odio cumque sed sapiente perferendis. Et magni praesentium sit."], ["created_at", "2017-09-05 15:50:09.559598"], ["updated_at", "2017-09-05 15:50:09.559598"]]
  [1m[35m (0.6ms)[0m  [1m[35mCOMMIT[0m
  [1m[35m (0.1ms)[0m  [1m[35mBEGIN[0m
  [1m[35mSQL (0.5ms)[0m  [1m[32mINSERT INTO "notices" ("title", "author", "content", "created_at", "updated_at") VALUES ($1, $2, $3, $4, $5) RETURNING "id"[0m  [["title", "That gum you like is going to come back in style."], ["author", "Ben Solo"], ["content", "Quam id non porro et assumenda voluptatibus neque. Unde id dolorem consequatur sit maxime vel. Ipsam sed saepe. Culpa rerum aspernatur id aut. Odit ut vero reprehenderit soluta."], ["created_at", "2017-09-05 15:50:09.562688"], ["updated_at", "2017-09-05 15:50:09.562688"]]
  [1m[35m (0.3ms)[0m  [1m[35mCOMMIT[0m
  [1m[35m (0.1ms)[0m  [1m[35mBEGIN[0m
  [1m[35mSQL (0.2ms)[0m  [1m[32mINSERT INTO "notices" ("title", "author", "content", "created_at", "updated_at") VALUES ($1, $2, $3, $4, $5) RETURNING "id"[0m  [["title", "It has been a pleasure speaking to you."], ["author", "Ki-Adi-Mundi"], ["content", "Facere vel omnis soluta quis. Ut beatae facilis amet. Modi nobis non vel."], ["created_at", "2017-09-05 15:50:09.565342"], ["updated_at", "2017-09-05 15:50:09.565342"]]
  [1m[35m (0.2ms)[0m  [1m[35mCOMMIT[0m
  [1m[35m (0.1ms)[0m  [1m[35mBEGIN[0m
  [1m[35mSQL (0.2ms)[0m  [1m[32mINSERT INTO "notices" ("title", "author", "content", "created_at", "updated_at") VALUES ($1, $2, $3, $4, $5) RETURNING "id"[0m  [["title", "There's nothing quite like urinating in the open air."], ["author", "Luke Skywalker"], ["content", "Est omnis in officia vitae deleniti. Ut minus ut libero consequatur. Maiores ea cupiditate autem. Hic quam repudiandae."], ["created_at", "2017-09-05 15:50:09.566973"], ["updated_at", "2017-09-05 15:50:09.566973"]]
  [1m[35m (0.3ms)[0m  [1m[35mCOMMIT[0m
  [1m[35m (0.2ms)[0m  [1m[35mBEGIN[0m
  [1m[35mSQL (0.2ms)[0m  [1m[32mINSERT INTO "notices" ("title", "author", "content", "created_at", "updated_at") VALUES ($1, $2, $3, $4, $5) RETURNING "id"[0m  [["title", "The owls are not what they seem."], ["author", "Darth Vader"], ["content", "Sequi occaecati magnam. Quia laudantium non. Quaerat ipsam ut. Beatae alias inventore asperiores. Maxime voluptates molestias."], ["created_at", "2017-09-05 15:50:09.568658"], ["updated_at", "2017-09-05 15:50:09.568658"]]
  [1m[35m (0.4ms)[0m  [1m[35mCOMMIT[0m
  [1m[35m (0.1ms)[0m  [1m[35mBEGIN[0m
  [1m[35mSQL (0.2ms)[0m  [1m[32mINSERT INTO "notices" ("title", "author", "content", "created_at", "updated_at") VALUES ($1, $2, $3, $4, $5) RETURNING "id"[0m  [["title", "Pie. Whoever invented the pie? Here was a great person."], ["author", "Sheev Palpatine"], ["content", "Sunt non dolorum eos est quis. Unde cumque sit et tempore ducimus dolore non. Sint quibusdam aliquam. Molestiae modi consequuntur enim."], ["created_at", "2017-09-05 15:50:09.570268"], ["updated_at", "2017-09-05 15:50:09.570268"]]
  [1m[35m (0.2ms)[0m  [1m[35mCOMMIT[0m
  [1m[35m (0.1ms)[0m  [1m[35mBEGIN[0m
  [1m[35mSQL (0.2ms)[0m  [1m[32mINSERT INTO "notices" ("title", "author", "content", "created_at", "updated_at") VALUES ($1, $2, $3, $4, $5) RETURNING "id"[0m  [["title", "There's nothing quite like urinating in the open air."], ["author", "Rune Haako"], ["content", "Quidem expedita porro consequuntur unde ipsum. Quia voluptas aut. Similique doloribus debitis."], ["created_at", "2017-09-05 15:50:09.571672"], ["updated_at", "2017-09-05 15:50:09.571672"]]
  [1m[35m (0.2ms)[0m  [1m[35mCOMMIT[0m
  [1m[35m (0.1ms)[0m  [1m[35mBEGIN[0m
  [1m[35mSQL (0.2ms)[0m  [1m[32mINSERT INTO "notices" ("title", "author", "content", "created_at", "updated_at") VALUES ($1, $2, $3, $4, $5) RETURNING "id"[0m  [["title", "Windom Earle's mind is like a diamond. It's cold, and hard, and brilliant."], ["author", "Kylo Ren"], ["content", "Est sequi soluta. Omnis expedita occaecati nostrum fugit qui sunt deleniti. Quos consequatur sunt. Suscipit facere harum consequatur. Corrupti voluptatem aut dicta quis aspernatur aut."], ["created_at", "2017-09-05 15:50:09.573035"], ["updated_at", "2017-09-05 15:50:09.573035"]]
  [1m[35m (0.2ms)[0m  [1m[35mCOMMIT[0m
  [1m[35m (0.1ms)[0m  [1m[35mBEGIN[0m
  [1m[35mSQL (0.3ms)[0m  [1m[32mINSERT INTO "notices" ("title", "author", "content", "created_at", "updated_at") VALUES ($1, $2, $3, $4, $5) RETURNING "id"[0m  [["title", "There's nothing quite like urinating in the open air."], ["author", "Darth Vader"], ["content", "Non fuga est explicabo porro. Sunt libero dolorem. Magni ad id."], ["created_at", "2017-09-05 15:50:09.574483"], ["updated_at", "2017-09-05 15:50:09.574483"]]
  [1m[35m (0.4ms)[0m  [1m[35mCOMMIT[0m
  [1m[35m (0.2ms)[0m  [1m[35mBEGIN[0m
  [1m[35mSQL (0.3ms)[0m  [1m[32mINSERT INTO "notices" ("title", "author", "content", "created_at", "updated_at") VALUES ($1, $2, $3, $4, $5) RETURNING "id"[0m  [["title", "Where we're from, the birds sing a pretty song, and there's always music in the air."], ["author", "Darth Vader"], ["content", "Aperiam ut voluptas consectetur. Aut cum adipisci ut aut sint error porro. Sed a dolorum."], ["created_at", "2017-09-05 15:50:09.576648"], ["updated_at", "2017-09-05 15:50:09.576648"]]
  [1m[35m (0.3ms)[0m  [1m[35mCOMMIT[0m
  [1m[35m (0.1ms)[0m  [1m[35mBEGIN[0m
  [1m[35mSQL (0.2ms)[0m  [1m[32mINSERT INTO "notices" ("title", "author", "content", "created_at", "updated_at") VALUES ($1, $2, $3, $4, $5) RETURNING "id"[0m  [["title", "Every day, once a day, give yourself a present."], ["author", "Anakin Skywalker"], ["content", "Qui reiciendis id voluptas quos dolores. Quisquam ipsam ad voluptas molestiae impedit. Est voluptates vel ducimus illo. Autem sint quia assumenda enim aut unde asperiores."], ["created_at", "2017-09-05 15:50:09.578355"], ["updated_at", "2017-09-05 15:50:09.578355"]]
  [1m[35m (0.2ms)[0m  [1m[35mCOMMIT[0m
  [1m[35m (0.1ms)[0m  [1m[35mBEGIN[0m
  [1m[35mSQL (0.2ms)[0m  [1m[32mINSERT INTO "notices" ("title", "author", "content", "created_at", "updated_at") VALUES ($1, $2, $3, $4, $5) RETURNING "id"[0m  [["title", "You may think I've gone insane... but I promise. I will kill again."], ["author", "Jabba the Hutt"], ["content", "Vero quo quas quia saepe optio dolores provident. Qui velit quae debitis maxime. Sunt nisi similique omnis cum autem magni laudantium. Assumenda id similique dolores. Eos in et."], ["created_at", "2017-09-05 15:50:09.579753"], ["updated_at", "2017-09-05 15:50:09.579753"]]
  [1m[35m (0.2ms)[0m  [1m[35mCOMMIT[0m
  [1m[35m (0.1ms)[0m  [1m[35mBEGIN[0m
  [1m[35mSQL (0.3ms)[0m  [1m[32mINSERT INTO "notices" ("title", "author", "content", "created_at", "updated_at") VALUES ($1, $2, $3, $4, $5) RETURNING "id"[0m  [["title", "MAY A SMILE BE YOUR UMBRELLA. WE'VE ALL HAD OUR SOCKS TOSSED AROUND."], ["author", "Obi-Wan Kenobi"], ["content", "Aut odio voluptatem. Nam eos sequi est sint non accusamus omnis. Non assumenda beatae. Provident nobis sit est accusantium consectetur sit. Ipsa perferendis aut."], ["created_at", "2017-09-05 15:50:09.581248"], ["updated_at", "2017-09-05 15:50:09.581248"]]
  [1m[35m (0.3ms)[0m  [1m[35mCOMMIT[0m
  [1m[35m (0.1ms)[0m  [1m[35mBEGIN[0m
  [1m[35mSQL (0.3ms)[0m  [1m[32mINSERT INTO "notices" ("title", "author", "content", "created_at", "updated_at") VALUES ($1, $2, $3, $4, $5) RETURNING "id"[0m  [["title", "Windom Earle's mind is like a diamond. It's cold, and hard, and brilliant."], ["author", "Boba Fett"], ["content", "Laudantium eos asperiores magni quia aut. Reiciendis sit deleniti doloribus. Doloremque quia veniam enim explicabo incidunt laudantium eum. Nihil ut adipisci autem. Voluptatibus eius libero aut officia nesciunt."], ["created_at", "2017-09-05 15:50:09.583007"], ["updated_at", "2017-09-05 15:50:09.583007"]]
  [1m[35m (0.2ms)[0m  [1m[35mCOMMIT[0m
  [1m[35m (0.1ms)[0m  [1m[35mBEGIN[0m
  [1m[35mSQL (0.2ms)[0m  [1m[32mINSERT INTO "notices" ("title", "author", "content", "created_at", "updated_at") VALUES ($1, $2, $3, $4, $5) RETURNING "id"[0m  [["title", "Damn fine coffee! And hot!"], ["author", "Ben Solo"], ["content", "Quo aspernatur eveniet. Voluptatem voluptas optio explicabo ut. Beatae assumenda cupiditate asperiores illum ad quidem. Dolorem facilis vel sapiente perspiciatis."], ["created_at", "2017-09-05 15:50:09.584659"], ["updated_at", "2017-09-05 15:50:09.584659"]]
  [1m[35m (0.2ms)[0m  [1m[35mCOMMIT[0m
Started GET "/notices" for 127.0.0.1 at 2017-09-05 10:50:24 -0500
  [1m[35m (0.6ms)[0m  [1m[34mSELECT "schema_migrations"."version" FROM "schema_migrations" ORDER BY "schema_migrations"."version" ASC[0m
Processing by NoticesController#index as HTML
  [1m[36mNotice Load (0.8ms)[0m  [1m[34mSELECT "notices".* FROM "notices"[0m
Completed 200 OK in 33ms (Views: 25.9ms | ActiveRecord: 5.1ms)


Started GET "/notices" for 127.0.0.1 at 2017-09-05 11:48:43 -0500
Processing by NoticesController#index as HTML
  [1m[36mNotice Load (0.7ms)[0m  [1m[34mSELECT "notices".* FROM "notices"[0m
Completed 200 OK in 42ms (Views: 34.2ms | ActiveRecord: 7.4ms)


Started GET "/notices" for 127.0.0.1 at 2017-09-05 11:50:07 -0500
Processing by NoticesController#index as HTML
  [1m[36mNotice Load (0.6ms)[0m  [1m[34mSELECT "notices".* FROM "notices"[0m
Completed 200 OK in 21ms (Views: 19.9ms | ActiveRecord: 0.6ms)


Started GET "/notices" for 127.0.0.1 at 2017-09-05 12:04:39 -0500
  [1m[35m (0.6ms)[0m  [1m[34mSELECT "schema_migrations"."version" FROM "schema_migrations" ORDER BY "schema_migrations"."version" ASC[0m
Processing by NoticesController#index as HTML
  [1m[36mNotice Load (0.7ms)[0m  [1m[34mSELECT "notices".* FROM "notices"[0m
Completed 200 OK in 34ms (Views: 27.3ms | ActiveRecord: 4.3ms)


Started GET "/notices" for 127.0.0.1 at 2017-09-05 13:37:37 -0500
Processing by NoticesController#index as HTML
  [1m[36mNotice Load (0.7ms)[0m  [1m[34mSELECT "notices".* FROM "notices"[0m
Completed 200 OK in 34ms (Views: 25.7ms | ActiveRecord: 8.4ms)


Started GET "/notices" for 127.0.0.1 at 2017-09-05 13:38:18 -0500
Processing by NoticesController#index as HTML
  [1m[36mNotice Load (0.6ms)[0m  [1m[34mSELECT "notices".* FROM "notices"[0m
Completed 200 OK in 17ms (Views: 16.5ms | ActiveRecord: 0.6ms)


Started GET "/notices" for 127.0.0.1 at 2017-09-05 13:38:22 -0500
Processing by NoticesController#index as HTML
  [1m[36mNotice Load (0.9ms)[0m  [1m[34mSELECT "notices".* FROM "notices"[0m
Completed 200 OK in 17ms (Views: 16.3ms | ActiveRecord: 0.9ms)


Started GET "/notices" for 127.0.0.1 at 2017-09-05 13:38:28 -0500
Processing by NoticesController#index as HTML
  [1m[36mNotice Load (0.4ms)[0m  [1m[34mSELECT "notices".* FROM "notices"[0m
Completed 200 OK in 16ms (Views: 15.2ms | ActiveRecord: 0.4ms)


Started GET "/notices" for 127.0.0.1 at 2017-09-05 13:41:17 -0500
Processing by NoticesController#index as HTML
  [1m[36mNotice Load (0.4ms)[0m  [1m[34mSELECT "notices".* FROM "notices"[0m
Completed 200 OK in 16ms (Views: 15.4ms | ActiveRecord: 0.4ms)


Started GET "/notices" for 127.0.0.1 at 2017-09-05 13:41:37 -0500
Processing by NoticesController#index as HTML
  [1m[36mNotice Load (0.6ms)[0m  [1m[34mSELECT "notices".* FROM "notices"[0m
Completed 200 OK in 20ms (Views: 19.6ms | ActiveRecord: 0.6ms)


Started GET "/notices" for 127.0.0.1 at 2017-09-05 13:41:57 -0500
Processing by NoticesController#index as HTML
  [1m[36mNotice Load (0.3ms)[0m  [1m[34mSELECT "notices".* FROM "notices"[0m
Completed 200 OK in 16ms (Views: 15.0ms | ActiveRecord: 0.3ms)


Started GET "/notices" for 127.0.0.1 at 2017-09-05 13:44:58 -0500
Processing by NoticesController#index as HTML
  [1m[36mNotice Load (0.3ms)[0m  [1m[34mSELECT "notices".* FROM "notices"[0m
Completed 200 OK in 16ms (Views: 15.0ms | ActiveRecord: 0.3ms)


Started GET "/notices" for 127.0.0.1 at 2017-09-05 13:48:10 -0500
Processing by NoticesController#index as HTML
  [1m[36mNotice Load (0.3ms)[0m  [1m[34mSELECT "notices".* FROM "notices"[0m
Completed 200 OK in 17ms (Views: 16.6ms | ActiveRecord: 0.3ms)


Started GET "/notices" for 127.0.0.1 at 2017-09-05 13:51:54 -0500
Processing by NoticesController#index as HTML
  [1m[36mNotice Load (0.7ms)[0m  [1m[34mSELECT "notices".* FROM "notices"[0m
Completed 200 OK in 21ms (Views: 20.4ms | ActiveRecord: 0.7ms)


Started GET "/notices" for 127.0.0.1 at 2017-09-05 13:55:38 -0500
Processing by NoticesController#index as HTML
  [1m[36mNotice Load (0.4ms)[0m  [1m[34mSELECT "notices".* FROM "notices"[0m
Completed 200 OK in 16ms (Views: 15.8ms | ActiveRecord: 0.4ms)


Started GET "/notices" for 127.0.0.1 at 2017-09-05 13:55:50 -0500
Processing by NoticesController#index as HTML
  [1m[36mNotice Load (0.3ms)[0m  [1m[34mSELECT "notices".* FROM "notices"[0m
Completed 200 OK in 16ms (Views: 15.7ms | ActiveRecord: 0.3ms)


Started GET "/notices" for 127.0.0.1 at 2017-09-05 13:57:01 -0500
Processing by NoticesController#index as HTML
  [1m[36mNotice Load (0.4ms)[0m  [1m[34mSELECT "notices".* FROM "notices"[0m
Completed 200 OK in 19ms (Views: 18.3ms | ActiveRecord: 0.4ms)


Started GET "/notices" for 127.0.0.1 at 2017-09-05 13:57:14 -0500
Processing by NoticesController#index as HTML
  [1m[36mNotice Load (0.5ms)[0m  [1m[34mSELECT "notices".* FROM "notices"[0m
Completed 200 OK in 23ms (Views: 22.1ms | ActiveRecord: 0.5ms)


Started GET "/notices" for 127.0.0.1 at 2017-09-05 13:57:28 -0500
Processing by NoticesController#index as HTML
  [1m[36mNotice Load (0.4ms)[0m  [1m[34mSELECT "notices".* FROM "notices"[0m
Completed 200 OK in 17ms (Views: 16.9ms | ActiveRecord: 0.4ms)


Started GET "/notices" for 127.0.0.1 at 2017-09-05 14:07:54 -0500
  [1m[35m (1.2ms)[0m  [1m[34mSELECT "schema_migrations"."version" FROM "schema_migrations" ORDER BY "schema_migrations"."version" ASC[0m
Processing by NoticesController#index as HTML
  [1m[36mNotice Load (0.6ms)[0m  [1m[34mSELECT "notices".* FROM "notices"[0m
Completed 200 OK in 38ms (Views: 29.9ms | ActiveRecord: 5.1ms)


Started POST "/notices" for 127.0.0.1 at 2017-09-05 14:08:23 -0500
Processing by NoticesController#create as HTML
  Parameters: {"author"=>"Rachel", "title"=>"Find a Job", "content"=>"Looking for a coding job", "notice"=>{"title"=>"Find a Job", "author"=>"Rachel", "content"=>"Looking for a coding job"}}
  [1m[35m (0.1ms)[0m  [1m[35mBEGIN[0m
  [1m[35mSQL (1.1ms)[0m  [1m[32mINSERT INTO "notices" ("title", "author", "content", "created_at", "updated_at") VALUES ($1, $2, $3, $4, $5) RETURNING "id"[0m  [["title", "Find a Job"], ["author", "Rachel"], ["content", "Looking for a coding job"], ["created_at", "2017-09-05 19:08:23.983344"], ["updated_at", "2017-09-05 19:08:23.983344"]]
  [1m[35m (10.2ms)[0m  [1m[35mCOMMIT[0m
Completed 201 Created in 28ms (Views: 0.4ms | ActiveRecord: 16.9ms)


Started GET "/notices" for 127.0.0.1 at 2017-09-05 14:12:53 -0500
Processing by NoticesController#index as HTML
  [1m[36mNotice Load (0.7ms)[0m  [1m[34mSELECT "notices".* FROM "notices"[0m
Completed 200 OK in 22ms (Views: 21.0ms | ActiveRecord: 0.7ms)


Started POST "/notices" for 127.0.0.1 at 2017-09-05 14:13:18 -0500
Processing by NoticesController#create as HTML
  Parameters: {"author"=>"Coco", "title"=>"Hungry", "content"=>"Feed Coco the dog", "notice"=>{"title"=>"Hungry", "author"=>"Coco", "content"=>"Feed Coco the dog"}}
  [1m[35m (0.2ms)[0m  [1m[35mBEGIN[0m
  [1m[35mSQL (0.3ms)[0m  [1m[32mINSERT INTO "notices" ("title", "author", "content", "created_at", "updated_at") VALUES ($1, $2, $3, $4, $5) RETURNING "id"[0m  [["title", "Hungry"], ["author", "Coco"], ["content", "Feed Coco the dog"], ["created_at", "2017-09-05 19:13:18.698922"], ["updated_at", "2017-09-05 19:13:18.698922"]]
  [1m[35m (1.1ms)[0m  [1m[35mCOMMIT[0m
Completed 201 Created in 4ms (Views: 0.3ms | ActiveRecord: 1.5ms)


Started GET "/notices" for 127.0.0.1 at 2017-09-05 14:26:22 -0500
  [1m[35m (0.5ms)[0m  [1m[34mSELECT "schema_migrations"."version" FROM "schema_migrations" ORDER BY "schema_migrations"."version" ASC[0m
Processing by NoticesController#index as HTML
  [1m[36mNotice Load (0.6ms)[0m  [1m[34mSELECT "notices".* FROM "notices"[0m
Completed 200 OK in 33ms (Views: 26.9ms | ActiveRecord: 4.0ms)


Started GET "/notices" for 127.0.0.1 at 2017-09-05 14:26:24 -0500
Processing by NoticesController#index as HTML
  [1m[36mNotice Load (0.8ms)[0m  [1m[34mSELECT "notices".* FROM "notices"[0m
Completed 200 OK in 40ms (Views: 34.9ms | ActiveRecord: 5.3ms)


Started GET "/notices" for 127.0.0.1 at 2017-09-05 14:27:22 -0500
Processing by NoticesController#index as HTML
  [1m[36mNotice Load (0.3ms)[0m  [1m[34mSELECT "notices".* FROM "notices"[0m
Completed 200 OK in 20ms (Views: 19.3ms | ActiveRecord: 0.3ms)


Started GET "/" for 127.0.0.1 at 2017-09-05 14:30:45 -0500
  [1m[35m (0.6ms)[0m  [1m[34mSELECT "schema_migrations"."version" FROM "schema_migrations" ORDER BY "schema_migrations"."version" ASC[0m
Processing by WelcomeController#index as HTML
Completed 200 OK in 1ms (Views: 0.2ms | ActiveRecord: 0.0ms)


Started GET "/notices" for 127.0.0.1 at 2017-09-05 14:30:53 -0500
Processing by NoticesController#index as HTML
  [1m[36mNotice Load (1.0ms)[0m  [1m[34mSELECT "notices".* FROM "notices"[0m
Completed 200 OK in 45ms (Views: 31.6ms | ActiveRecord: 10.5ms)


Started GET "/" for 127.0.0.1 at 2017-09-05 14:31:00 -0500
Processing by WelcomeController#index as HTML
Completed 200 OK in 1ms (Views: 0.3ms | ActiveRecord: 0.0ms)


Started GET "/notices" for 127.0.0.1 at 2017-09-05 15:05:22 -0500
  [1m[35m (0.6ms)[0m  [1m[34mSELECT "schema_migrations"."version" FROM "schema_migrations" ORDER BY "schema_migrations"."version" ASC[0m
Processing by NoticesController#index as HTML
  [1m[36mNotice Load (0.7ms)[0m  [1m[34mSELECT "notices".* FROM "notices"[0m
Completed 200 OK in 37ms (Views: 30.4ms | ActiveRecord: 3.8ms)


Started POST "/notices" for 127.0.0.1 at 2017-09-05 15:05:42 -0500
Processing by NoticesController#create as HTML
  Parameters: {"author"=>"Create new post", "title"=>"sdjflskdj", "content"=>"skdljflsd", "notice"=>{"title"=>"sdjflskdj", "author"=>"Create new post", "content"=>"skdljflsd"}}
  [1m[35m (0.1ms)[0m  [1m[35mBEGIN[0m
  [1m[35mSQL (0.6ms)[0m  [1m[32mINSERT INTO "notices" ("title", "author", "content", "created_at", "updated_at") VALUES ($1, $2, $3, $4, $5) RETURNING "id"[0m  [["title", "sdjflskdj"], ["author", "Create new post"], ["content", "skdljflsd"], ["created_at", "2017-09-05 20:05:42.188394"], ["updated_at", "2017-09-05 20:05:42.188394"]]
  [1m[35m (1.6ms)[0m  [1m[35mCOMMIT[0m
Completed 201 Created in 15ms (Views: 0.7ms | ActiveRecord: 6.8ms)


